Sun May 16 17:17:21 2021       
+-----------------------------------------------------------------------------+
| NVIDIA-SMI 460.73.01    Driver Version: 460.73.01    CUDA Version: 11.2     |
|-------------------------------+----------------------+----------------------+
| GPU  Name        Persistence-M| Bus-Id        Disp.A | Volatile Uncorr. ECC |
| Fan  Temp  Perf  Pwr:Usage/Cap|         Memory-Usage | GPU-Util  Compute M. |
|                               |                      |               MIG M. |
|===============================+======================+======================|
|   0  Tesla T4            On   | 00000000:00:0F.0 Off |                    0 |
| N/A   49C    P8    12W /  70W |      0MiB / 15109MiB |      0%      Default |
|                               |                      |                  N/A |
+-------------------------------+----------------------+----------------------+
                                                                               
+-----------------------------------------------------------------------------+
| Processes:                                                                  |
|  GPU   GI   CI        PID   Type   Process name                  GPU Memory |
|        ID   ID                                                   Usage      |
|=============================================================================|
|  No running processes found                                                 |
+-----------------------------------------------------------------------------+
Python 3.8.5
 17:17:21 up 10 days,  9:36,  2 users,  load average: 40,22, 38,98, 40,16
2021-05-16 17:17:44.997088: W tensorflow/stream_executor/platform/default/dso_loader.cc:60] Could not load dynamic library 'libcudart.so.11.0'; dlerror: libcudart.so.11.0: cannot open shared object file: No such file or directory; LD_LIBRARY_PATH: /vol/cuda/10.2.89-cudnn7.6.4.38/lib64:/vol/cuda/10.2.89-cudnn7.6.4.38/lib:/vol/cuda/10.2.89-cudnn7.6.4.38/x86_64-linux-gnu
2021-05-16 17:17:44.997448: I tensorflow/stream_executor/cuda/cudart_stub.cc:29] Ignore above cudart dlerror if you do not have a GPU set up on your machine.
Logs from runs/May16_17-17-42_cloud-vm-40-190.doc.ic.ac.ukcardiacA3C
medical.py --files /vol/biomedic2/aa16914/shared/RL_Guy/rl-medical/examples/LandmarkDetection/DQN/data/filenames/cardiac_train_files.txt /vol/biomedic2/aa16914/shared/RL_Guy/rl-medical/examples/LandmarkDetection/DQN/data/filenames/cardiac_train_landmarks.txt

Attribute : agents
Attribute : oscillations_allowed
Attribute : logger
Attribute : stats
Attribute : num_games
Attribute : num_success
Attribute : cnt
Attribute : max_num_frames
Attribute : info
Attribute : saveGif
Attribute : saveVideo
Attribute : task
Attribute : screen_dims
Attribute : dims
Attribute : multiscale
Attribute : landmarks
Attribute : width
Attribute : height
Attribute : depth
Attribute : viz
Attribute : current_episode_score
Attribute : action_space
Attribute : actions
Attribute : observation_space
Attribute : _history_length
Attribute : _loc_history
Attribute : _qvalues_history
Attribute : rectangle
Attribute : files
Attribute : filepath
Attribute : fixed_spawn
Attribute : terminal
Attribute : reward
Attribute : viewer
Attribute : _image
Attribute : _target_loc
Attribute : spacing
Attribute : filename
Attribute : action_step
Attribute : xscale
Attribute : yscale
Attribute : zscale
Attribute : _image_dims
Attribute : _location
Attribute : _start_location
Attribute : _qvalues
Attribute : _screen
Attribute : cur_dist
Attribute : id
Attribute : trials
Attribute : reward_threshold
AGENT NAME: A3C
[1m1.1: A3C[0m
TITLE  Medical
layer info  [20, 10, [6, 1]]
layer info  [20, 10, [6, 1]]
{'learning_rate': 0.005, 'linear_hidden_units': [20, 10], 'columns_of_data_to_be_embedded': [0], 'final_layer_activation': ['SOFTMAX', None], 'gradient_clipping_norm': 5.0, 'discount_rate': 0.99, 'epsilon_decay_rate_denominator': 50.0, 'normalise_rewards': True, 'clip_rewards': False, 'exploration_worker_difference': 2.0, 'output_activation': None, 'hidden_activations': 'relu', 'dropout': 0.0, 'initialiser': 'default', 'batch_norm': False, 'embedding_dimensions': [], 'y_range': ()}
RANDOM SEED  644327489
Attribute : agents
Attribute : oscillations_allowed
Attribute : logger
Attribute : stats
Attribute : num_games
Attribute : num_success
Attribute : cnt
Attribute : max_num_frames
Attribute : info
Attribute : saveGif
Attribute : saveVideo
Attribute : task
Attribute : screen_dims
Attribute : dims
Attribute : multiscale
Attribute : landmarks
Attribute : width
Attribute : height
Attribute : depth
Attribute : viz
Attribute : current_episode_score
Attribute : action_space
Attribute : actions
Attribute : observation_space
Attribute : _history_length
Attribute : _loc_history
Attribute : _qvalues_history
Attribute : rectangle
Attribute : files
Attribute : filepath
Attribute : fixed_spawn
Attribute : terminal
Attribute : reward
Attribute : viewer
Attribute : _image
Attribute : _target_loc
Attribute : spacing
Attribute : filename
Attribute : action_step
Attribute : xscale
Attribute : yscale
Attribute : zscale
Attribute : _image_dims
Attribute : _location
Attribute : _start_location
Attribute : _qvalues
Attribute : _screen
Attribute : cur_dist
Attribute : id
Attribute : trials
Attribute : reward_threshold
Attribute : agents
Attribute : oscillations_allowed
Attribute : logger
Attribute : stats
Attribute : num_games
Attribute : num_success
Attribute : cnt
Attribute : max_num_frames
Attribute : info
Attribute : saveGif
Attribute : saveVideo
Attribute : task
Attribute : screen_dims
Attribute : dims
Attribute : multiscale
Attribute : landmarks
Attribute : width
Attribute : height
Attribute : depth
Attribute : viz
Attribute : current_episode_score
Attribute : action_space
Attribute : actions
Attribute : observation_space
Attribute : _history_length
Attribute : _loc_history
Attribute : _qvalues_history
Attribute : rectangle
Attribute : files
Attribute : filepath
Attribute : fixed_spawn
Attribute : terminal
Attribute : reward
Attribute : viewer
Attribute : _image
Attribute : _target_loc
Attribute : spacing
Attribute : filename
Attribute : action_step
Attribute : xscale
Attribute : yscale
Attribute : zscale
Attribute : _image_dims
Attribute : _location
Attribute : _start_location
Attribute : _qvalues
Attribute : _screen
Attribute : cur_dist
Attribute : id
Attribute : trials
Attribute : reward_threshold
Attribute : agents
Attribute : oscillations_allowed
Attribute : logger
Attribute : stats
Attribute : num_games
Attribute : num_success
Attribute : cnt
Attribute : max_num_frames
Attribute : info
Attribute : saveGif
Attribute : saveVideo
Attribute : task
Attribute : screen_dims
Attribute : dims
Attribute : multiscale
Attribute : landmarks
Attribute : width
Attribute : height
Attribute : depth
Attribute : viz
Attribute : current_episode_score
Attribute : action_space
Attribute : actions
Attribute : observation_space
Attribute : _history_length
Attribute : _loc_history
Attribute : _qvalues_history
Attribute : rectangle
Attribute : files
Attribute : filepath
Attribute : fixed_spawn
Attribute : terminal
Attribute : reward
Attribute : viewer
Attribute : _image
Attribute : _target_loc
Attribute : spacing
Attribute : filename
Attribute : action_step
Attribute : xscale
Attribute : yscale
Attribute : zscale
Attribute : _image_dims
Attribute : _location
Attribute : _start_location
Attribute : _qvalues
Attribute : _screen
Attribute : cur_dist
Attribute : id
Attribute : trials
Attribute : reward_threshold
Attribute : agents
Attribute : oscillations_allowed
Attribute : logger
Attribute : stats
Attribute : num_games
Attribute : num_success
Attribute : cnt
Attribute : max_num_frames
Attribute : info
Attribute : saveGif
Attribute : saveVideo
Attribute : task
Attribute : screen_dims
Attribute : dims
Attribute : multiscale
Attribute : landmarks
Attribute : width
Attribute : height
Attribute : depth
Attribute : viz
Attribute : current_episode_score
Attribute : action_space
Attribute : actions
Attribute : observation_space
Attribute : _history_length
Attribute : _loc_history
Attribute : _qvalues_history
Attribute : rectangle
Attribute : files
Attribute : filepath
Attribute : fixed_spawn
Attribute : terminal
Attribute : reward
Attribute : viewer
Attribute : _image
Attribute : _target_loc
Attribute : spacing
Attribute : filename
Attribute : action_step
Attribute : xscale
Attribute : yscale
Attribute : zscale
Attribute : _image_dims
Attribute : _location
Attribute : _start_location
Attribute : _qvalues
Attribute : _screen
Attribute : cur_dist
Attribute : id
Attribute : trials
Attribute : reward_threshold
Attribute : agents
Attribute : oscillations_allowed
Attribute : logger
Attribute : stats
Attribute : num_games
Attribute : num_success
Attribute : cnt
Attribute : max_num_frames
Attribute : info
Attribute : saveGif
Attribute : saveVideo
Attribute : task
Attribute : screen_dims
Attribute : dims
Attribute : multiscale
Attribute : landmarks
Attribute : width
Attribute : height
Attribute : depth
Attribute : viz
Attribute : current_episode_score
Attribute : action_space
Attribute : actions
Attribute : observation_space
Attribute : _history_length
Attribute : _loc_history
Attribute : _qvalues_history
Attribute : rectangle
Attribute : files
Attribute : filepath
Attribute : fixed_spawn
Attribute : terminal
Attribute : reward
Attribute : viewer
Attribute : _image
Attribute : _target_loc
Attribute : spacing
Attribute : filename
Attribute : action_step
Attribute : xscale
Attribute : yscale
Attribute : zscale
Attribute : _image_dims
Attribute : _location
Attribute : _start_location
Attribute : _qvalues
Attribute : _screen
Attribute : cur_dist
Attribute : id
Attribute : trials
Attribute : reward_threshold
Attribute : agents
Attribute : oscillations_allowed
Attribute : logger
Attribute : stats
Attribute : num_games
Attribute : num_success
Attribute : cnt
Attribute : max_num_frames
Attribute : info
Attribute : saveGif
Attribute : saveVideo
Attribute : task
Attribute : screen_dims
Attribute : dims
Attribute : multiscale
Attribute : landmarks
Attribute : width
Attribute : height
Attribute : depth
Attribute : viz
Attribute : current_episode_score
Attribute : action_space
Attribute : actions
Attribute : observation_space
Attribute : _history_length
Attribute : _loc_history
Attribute : _qvalues_history
Attribute : rectangle
Attribute : files
Attribute : filepath
Attribute : fixed_spawn
Attribute : terminal
Attribute : reward
Attribute : viewer
Attribute : _image
Attribute : _target_loc
Attribute : spacing
Attribute : filename
Attribute : action_step
Attribute : xscale
Attribute : yscale
Attribute : zscale
Attribute : _image_dims
Attribute : _location
Attribute : _start_location
Attribute : _qvalues
Attribute : _screen
Attribute : cur_dist
Attribute : id
Attribute : trials
Attribute : reward_threshold
Attribute : agents
Attribute : oscillations_allowed
Attribute : logger
Attribute : stats
Attribute : num_games
Attribute : num_success
Attribute : cnt
Attribute : max_num_frames
Attribute : info
Attribute : saveGif
Attribute : saveVideo
Attribute : task
Attribute : screen_dims
Attribute : dims
Attribute : multiscale
Attribute : landmarks
Attribute : width
Attribute : height
Attribute : depth
Attribute : viz
Attribute : current_episode_score
Attribute : action_space
Attribute : actions
Attribute : observation_space
Attribute : _history_length
Attribute : _loc_history
Attribute : _qvalues_history
Attribute : rectangle
Attribute : files
Attribute : filepath
Attribute : fixed_spawn
Attribute : terminal
Attribute : reward
Attribute : viewer
Attribute : _image
Attribute : _target_loc
Attribute : spacing
Attribute : filename
Attribute : action_step
Attribute : xscale
Attribute : yscale
Attribute : zscale
Attribute : _image_dims
Attribute : _location
Attribute : _start_location
Attribute : _qvalues
Attribute : _screen
Attribute : cur_dist
Attribute : id
Attribute : trials
Attribute : reward_threshold
Attribute : agents
Attribute : oscillations_allowed
Attribute : logger
Attribute : stats
Attribute : num_games
Attribute : num_success
Attribute : cnt
Attribute : max_num_frames
Attribute : info
Attribute : saveGif
Attribute : saveVideo
Attribute : task
Attribute : screen_dims
Attribute : dims
Attribute : multiscale
Attribute : landmarks
Attribute : width
Attribute : height
Attribute : depth
Attribute : viz
Attribute : current_episode_score
Attribute : action_space
Attribute : actions
Attribute : observation_space
Attribute : _history_length
Attribute : _loc_history
Attribute : _qvalues_history
Attribute : rectangle
Attribute : files
Attribute : filepath
Attribute : fixed_spawn
Attribute : terminal
Attribute : reward
Attribute : viewer
Attribute : _image
Attribute : _target_loc
Attribute : spacing
Attribute : filename
Attribute : action_step
Attribute : xscale
Attribute : yscale
Attribute : zscale
Attribute : _image_dims
Attribute : _location
Attribute : _start_location
Attribute : _qvalues
Attribute : _screen
Attribute : cur_dist
Attribute : id
Attribute : trials
Attribute : reward_threshold
Attribute : agents
Attribute : oscillations_allowed
Attribute : logger
Attribute : stats
Attribute : num_games
Attribute : num_success
Attribute : cnt
Attribute : max_num_frames
Attribute : info
Attribute : saveGif
Attribute : saveVideo
Attribute : task
Attribute : screen_dims
Attribute : dims
Attribute : multiscale
Attribute : landmarks
Attribute : width
Attribute : height
Attribute : depth
Attribute : viz
Attribute : current_episode_score
Attribute : action_space
Attribute : actions
Attribute : observation_space
Attribute : _history_length
Attribute : _loc_history
Attribute : _qvalues_history
Attribute : rectangle
Attribute : files
Attribute : filepath
Attribute : fixed_spawn
Attribute : terminal
Attribute : reward
Attribute : viewer
Attribute : _image
Attribute : _target_loc
Attribute : spacing
Attribute : filename
Attribute : action_step
Attribute : xscale
Attribute : yscale
Attribute : zscale
Attribute : _image_dims
Attribute : _location
Attribute : _start_location
Attribute : _qvalues
Attribute : _screen
Attribute : cur_dist
Attribute : id
Attribute : trials
Attribute : reward_threshold
Attribute : agents
Attribute : oscillations_allowed
Attribute : logger
Attribute : stats
Attribute : num_games
Attribute : num_success
Attribute : cnt
Attribute : max_num_frames
Attribute : info
Attribute : saveGif
Attribute : saveVideo
Attribute : task
Attribute : screen_dims
Attribute : dims
Attribute : multiscale
Attribute : landmarks
Attribute : width
Attribute : height
Attribute : depth
Attribute : viz
Attribute : current_episode_score
Attribute : action_space
Attribute : actions
Attribute : observation_space
Attribute : _history_length
Attribute : _loc_history
Attribute : _qvalues_history
Attribute : rectangle
Attribute : files
Attribute : filepath
Attribute : fixed_spawn
Attribute : terminal
Attribute : reward
Attribute : viewer
Attribute : _image
Attribute : _target_loc
Attribute : spacing
Attribute : filename
Attribute : action_step
Attribute : xscale
Attribute : yscale
Attribute : zscale
Attribute : _image_dims
Attribute : _location
Attribute : _start_location
Attribute : _qvalues
Attribute : _screen
Attribute : cur_dist
Attribute : id
Attribute : trials
Attribute : reward_threshold
Attribute : agents
Attribute : oscillations_allowed
Attribute : logger
Attribute : stats
Attribute : num_games
Attribute : num_success
Attribute : cnt
Attribute : max_num_frames
Attribute : info
Attribute : saveGif
Attribute : saveVideo
Attribute : task
Attribute : screen_dims
Attribute : dims
Attribute : multiscale
Attribute : landmarks
Attribute : width
Attribute : height
Attribute : depth
Attribute : viz
Attribute : current_episode_score
Attribute : action_space
Attribute : actions
Attribute : observation_space
Attribute : _history_length
Attribute : _loc_history
Attribute : _qvalues_history
Attribute : rectangle
Attribute : files
Attribute : filepath
Attribute : fixed_spawn
Attribute : terminal
Attribute : reward
Attribute : viewer
Attribute : _image
Attribute : _target_loc
Attribute : spacing
Attribute : filename
Attribute : action_step
Attribute : xscale
Attribute : yscale
Attribute : zscale
Attribute : _image_dims
Attribute : _location
Attribute : _start_location
Attribute : _qvalues
Attribute : _screen
Attribute : cur_dist
Attribute : id
Attribute : trials
Attribute : reward_threshold
Attribute : agents
Attribute : oscillations_allowed
Attribute : logger
Attribute : stats
Attribute : num_games
Attribute : num_success
Attribute : cnt
Attribute : max_num_frames
Attribute : info
Attribute : saveGif
Attribute : saveVideo
Attribute : task
Attribute : screen_dims
Attribute : dims
Attribute : multiscale
Attribute : landmarks
Attribute : width
Attribute : height
Attribute : depth
Attribute : viz
Attribute : current_episode_score
Attribute : action_space
Attribute : actions
Attribute : observation_space
Attribute : _history_length
Attribute : _loc_history
Attribute : _qvalues_history
Attribute : rectangle
Attribute : files
Attribute : filepath
Attribute : fixed_spawn
Attribute : terminal
Attribute : reward
Attribute : viewer
Attribute : _image
Attribute : _target_loc
Attribute : spacing
Attribute : filename
Attribute : action_step
Attribute : xscale
Attribute : yscale
Attribute : zscale
Attribute : _image_dims
Attribute : _location
Attribute : _start_location
Attribute : _qvalues
Attribute : _screen
Attribute : cur_dist
Attribute : id
Attribute : trials
Attribute : reward_threshold
Attribute : agents
Attribute : oscillations_allowed
Attribute : logger
Attribute : stats
Attribute : num_games
Attribute : num_success
Attribute : cnt
Attribute : max_num_frames
Attribute : info
Attribute : saveGif
Attribute : saveVideo
Attribute : task
Attribute : screen_dims
Attribute : dims
Attribute : multiscale
Attribute : landmarks
Attribute : width
Attribute : height
Attribute : depth
Attribute : viz
Attribute : current_episode_score
Attribute : action_space
Attribute : actions
Attribute : observation_space
Attribute : _history_length
Attribute : _loc_history
Attribute : _qvalues_history
Attribute : rectangle
Attribute : files
Attribute : filepath
Attribute : fixed_spawn
Attribute : terminal
Attribute : reward
Attribute : viewer
Attribute : _image
Attribute : _target_loc
Attribute : spacing
Attribute : filename
Attribute : action_step
Attribute : xscale
Attribute : yscale
Attribute : zscale
Attribute : _image_dims
Attribute : _location
Attribute : _start_location
Attribute : _qvalues
Attribute : _screen
Attribute : cur_dist
Attribute : id
Attribute : trials
Attribute : reward_threshold
Attribute : agents
Attribute : oscillations_allowed
Attribute : logger
Attribute : stats
Attribute : num_games
Attribute : num_success
Attribute : cnt
Attribute : max_num_frames
Attribute : info
Attribute : saveGif
Attribute : saveVideo
Attribute : task
Attribute : screen_dims
Attribute : dims
Attribute : multiscale
Attribute : landmarks
Attribute : width
Attribute : height
Attribute : depth
Attribute : viz
Attribute : current_episode_score
Attribute : action_space
Attribute : actions
Attribute : observation_space
Attribute : _history_length
Attribute : _loc_history
Attribute : _qvalues_history
Attribute : rectangle
Attribute : files
Attribute : filepath
Attribute : fixed_spawn
Attribute : terminal
Attribute : reward
Attribute : viewer
Attribute : _image
Attribute : _target_loc
Attribute : spacing
Attribute : filename
Attribute : action_step
Attribute : xscale
Attribute : yscale
Attribute : zscale
Attribute : _image_dims
Attribute : _location
Attribute : _start_location
Attribute : _qvalues
Attribute : _screen
Attribute : cur_dist
Attribute : id
Attribute : trials
Attribute : reward_threshold
Attribute : agents
Attribute : oscillations_allowed
Attribute : logger
Attribute : stats
Attribute : num_games
Attribute : num_success
Attribute : cnt
Attribute : max_num_frames
Attribute : info
Attribute : saveGif
Attribute : saveVideo
Attribute : task
Attribute : screen_dims
Attribute : dims
Attribute : multiscale
Attribute : landmarks
Attribute : width
Attribute : height
Attribute : depth
Attribute : viz
Attribute : current_episode_score
Attribute : action_space
Attribute : actions
Attribute : observation_space
Attribute : _history_length
Attribute : _loc_history
Attribute : _qvalues_history
Attribute : rectangle
Attribute : files
Attribute : filepath
Attribute : fixed_spawn
Attribute : terminal
Attribute : reward
Attribute : viewer
Attribute : _image
Attribute : _target_loc
Attribute : spacing
Attribute : filename
Attribute : action_step
Attribute : xscale
Attribute : yscale
Attribute : zscale
Attribute : _image_dims
Attribute : _location
Attribute : _start_location
Attribute : _qvalues
Attribute : _screen
Attribute : cur_dist
Attribute : id
Attribute : trials
Attribute : reward_threshold
Attribute : agents
Attribute : oscillations_allowed
Attribute : logger
Attribute : stats
Attribute : num_games
Attribute : num_success
Attribute : cnt
Attribute : max_num_frames
Attribute : info
Attribute : saveGif
Attribute : saveVideo
Attribute : task
Attribute : screen_dims
Attribute : dims
Attribute : multiscale
Attribute : landmarks
Attribute : width
Attribute : height
Attribute : depth
Attribute : viz
Attribute : current_episode_score
Attribute : action_space
Attribute : actions
Attribute : observation_space
Attribute : _history_length
Attribute : _loc_history
Attribute : _qvalues_history
Attribute : rectangle
Attribute : files
Attribute : filepath
Attribute : fixed_spawn
Attribute : terminal
Attribute : reward
Attribute : viewer
Attribute : _image
Attribute : _target_loc
Attribute : spacing
Attribute : filename
Attribute : action_step
Attribute : xscale
Attribute : yscale
Attribute : zscale
Attribute : _image_dims
Attribute : _location
Attribute : _start_location
Attribute : _qvalues
Attribute : _screen
Attribute : cur_dist
Attribute : id
Attribute : trials
Attribute : reward_threshold
Attribute : agents
Attribute : oscillations_allowed
Attribute : logger
Attribute : stats
Attribute : num_games
Attribute : num_success
Attribute : cnt
Attribute : max_num_frames
Attribute : info
Attribute : saveGif
Attribute : saveVideo
Attribute : task
Attribute : screen_dims
Attribute : dims
Attribute : multiscale
Attribute : landmarks
Attribute : width
Attribute : height
Attribute : depth
Attribute : viz
Attribute : current_episode_score
Attribute : action_space
Attribute : actions
Attribute : observation_space
Attribute : _history_length
Attribute : _loc_history
Attribute : _qvalues_history
Attribute : rectangle
Attribute : files
Attribute : filepath
Attribute : fixed_spawn
Attribute : terminal
Attribute : reward
Attribute : viewer
Attribute : _image
Attribute : _target_loc
Attribute : spacing
Attribute : filename
Attribute : action_step
Attribute : xscale
Attribute : yscale
Attribute : zscale
Attribute : _image_dims
Attribute : _location
Attribute : _start_location
Attribute : _qvalues
Attribute : _screen
Attribute : cur_dist
Attribute : id
Attribute : trials
Attribute : reward_threshold
Attribute : agents
Attribute : oscillations_allowed
Attribute : logger
Attribute : stats
Attribute : num_games
Attribute : num_success
Attribute : cnt
Attribute : max_num_frames
Attribute : info
Attribute : saveGif
Attribute : saveVideo
Attribute : task
Attribute : screen_dims
Attribute : dims
Attribute : multiscale
Attribute : landmarks
Attribute : width
Attribute : height
Attribute : depth
Attribute : viz
Attribute : current_episode_score
Attribute : action_space
Attribute : actions
Attribute : observation_space
Attribute : _history_length
Attribute : _loc_history
Attribute : _qvalues_history
Attribute : rectangle
Attribute : files
Attribute : filepath
Attribute : fixed_spawn
Attribute : terminal
Attribute : reward
Attribute : viewer
Attribute : _image
Attribute : _target_loc
Attribute : spacing
Attribute : filename
Attribute : action_step
Attribute : xscale
Attribute : yscale
Attribute : zscale
Attribute : _image_dims
Attribute : _location
Attribute : _start_location
Attribute : _qvalues
Attribute : _screen
Attribute : cur_dist
Attribute : id
Attribute : trials
Attribute : reward_threshold
Attribute : agents
Attribute : oscillations_allowed
Attribute : logger
Attribute : stats
Attribute : num_games
Attribute : num_success
Attribute : cnt
Attribute : max_num_frames
Attribute : info
Attribute : saveGif
Attribute : saveVideo
Attribute : task
Attribute : screen_dims
Attribute : dims
Attribute : multiscale
Attribute : landmarks
Attribute : width
Attribute : height
Attribute : depth
Attribute : viz
Attribute : current_episode_score
Attribute : action_space
Attribute : actions
Attribute : observation_space
Attribute : _history_length
Attribute : _loc_history
Attribute : _qvalues_history
Attribute : rectangle
Attribute : files
Attribute : filepath
Attribute : fixed_spawn
Attribute : terminal
Attribute : reward
Attribute : viewer
Attribute : _image
Attribute : _target_loc
Attribute : spacing
Attribute : filename
Attribute : action_step
Attribute : xscale
Attribute : yscale
Attribute : zscale
Attribute : _image_dims
Attribute : _location
Attribute : _start_location
Attribute : _qvalues
Attribute : _screen
Attribute : cur_dist
Attribute : id
Attribute : trials
Attribute : reward_threshold
Attribute : agents
Attribute : oscillations_allowed
Attribute : logger
Attribute : stats
Attribute : num_games
Attribute : num_success
Attribute : cnt
Attribute : max_num_frames
Attribute : info
Attribute : saveGif
Attribute : saveVideo
Attribute : task
Attribute : screen_dims
Attribute : dims
Attribute : multiscale
Attribute : landmarks
Attribute : width
Attribute : height
Attribute : depth
Attribute : viz
Attribute : current_episode_score
Attribute : action_space
Attribute : actions
Attribute : observation_space
Attribute : _history_length
Attribute : _loc_history
Attribute : _qvalues_history
Attribute : rectangle
Attribute : files
Attribute : filepath
Attribute : fixed_spawn
Attribute : terminal
Attribute : reward
Attribute : viewer
Attribute : _image
Attribute : _target_loc
Attribute : spacing
Attribute : filename
Attribute : action_step
Attribute : xscale
Attribute : yscale
Attribute : zscale
Attribute : _image_dims
Attribute : _location
Attribute : _start_location
Attribute : _qvalues
Attribute : _screen
Attribute : cur_dist
Attribute : id
Attribute : trials
Attribute : reward_threshold
Attribute : agents
Attribute : oscillations_allowed
Attribute : logger
Attribute : stats
Attribute : num_games
Attribute : num_success
Attribute : cnt
Attribute : max_num_frames
Attribute : info
Attribute : saveGif
Attribute : saveVideo
Attribute : task
Attribute : screen_dims
Attribute : dims
Attribute : multiscale
Attribute : landmarks
Attribute : width
Attribute : height
Attribute : depth
Attribute : viz
Attribute : current_episode_score
Attribute : action_space
Attribute : actions
Attribute : observation_space
Attribute : _history_length
Attribute : _loc_history
Attribute : _qvalues_history
Attribute : rectangle
Attribute : files
Attribute : filepath
Attribute : fixed_spawn
Attribute : terminal
Attribute : reward
Attribute : viewer
Attribute : _image
Attribute : _target_loc
Attribute : spacing
Attribute : filename
Attribute : action_step
Attribute : xscale
Attribute : yscale
Attribute : zscale
Attribute : _image_dims
Attribute : _location
Attribute : _start_location
Attribute : _qvalues
Attribute : _screen
Attribute : cur_dist
Attribute : id
Attribute : trials
Attribute : reward_threshold
Attribute : agents
Attribute : oscillations_allowed
Attribute : logger
Attribute : stats
Attribute : num_games
Attribute : num_success
Attribute : cnt
Attribute : max_num_frames
Attribute : info
Attribute : saveGif
Attribute : saveVideo
Attribute : task
Attribute : screen_dims
Attribute : dims
Attribute : multiscale
Attribute : landmarks
Attribute : width
Attribute : height
Attribute : depth
Attribute : viz
Attribute : current_episode_score
Attribute : action_space
Attribute : actions
Attribute : observation_space
Attribute : _history_length
Attribute : _loc_history
Attribute : _qvalues_history
Attribute : rectangle
Attribute : files
Attribute : filepath
Attribute : fixed_spawn
Attribute : terminal
Attribute : reward
Attribute : viewer
Attribute : _image
Attribute : _target_loc
Attribute : spacing
Attribute : filename
Attribute : action_step
Attribute : xscale
Attribute : yscale
Attribute : zscale
Attribute : _image_dims
Attribute : _location
Attribute : _start_location
Attribute : _qvalues
Attribute : _screen
Attribute : cur_dist
Attribute : id
Attribute : trials
Attribute : reward_threshold
Attribute : agents
Attribute : oscillations_allowed
Attribute : logger
Attribute : stats
Attribute : num_games
Attribute : num_success
Attribute : cnt
Attribute : max_num_frames
Attribute : info
Attribute : saveGif
Attribute : saveVideo
Attribute : task
Attribute : screen_dims
Attribute : dims
Attribute : multiscale
Attribute : landmarks
Attribute : width
Attribute : height
Attribute : depth
Attribute : viz
Attribute : current_episode_score
Attribute : action_space
Attribute : actions
Attribute : observation_space
Attribute : _history_length
Attribute : _loc_history
Attribute : _qvalues_history
Attribute : rectangle
Attribute : files
Attribute : filepath
Attribute : fixed_spawn
Attribute : terminal
Attribute : reward
Attribute : viewer
Attribute : _image
Attribute : _target_loc
Attribute : spacing
Attribute : filename
Attribute : action_step
Attribute : xscale
Attribute : yscale
Attribute : zscale
Attribute : _image_dims
Attribute : _location
Attribute : _start_location
Attribute : _qvalues
Attribute : _screen
Attribute : cur_dist
Attribute : id
Attribute : trials
Attribute : reward_threshold
Attribute : agents
Attribute : oscillations_allowed
Attribute : logger
Attribute : stats
Attribute : num_games
Attribute : num_success
Attribute : cnt
Attribute : max_num_frames
Attribute : info
Attribute : saveGif
Attribute : saveVideo
Attribute : task
Attribute : screen_dims
Attribute : dims
Attribute : multiscale
Attribute : landmarks
Attribute : width
Attribute : height
Attribute : depth
Attribute : viz
Attribute : current_episode_score
Attribute : action_space
Attribute : actions
Attribute : observation_space
Attribute : _history_length
Attribute : _loc_history
Attribute : _qvalues_history
Attribute : rectangle
Attribute : files
Attribute : filepath
Attribute : fixed_spawn
Attribute : terminal
Attribute : reward
Attribute : viewer
Attribute : _image
Attribute : _target_loc
Attribute : spacing
Attribute : filename
Attribute : action_step
Attribute : xscale
Attribute : yscale
Attribute : zscale
Attribute : _image_dims
Attribute : _location
Attribute : _start_location
Attribute : _qvalues
Attribute : _screen
Attribute : cur_dist
Attribute : id
Attribute : trials
Attribute : reward_threshold
Attribute : agents
Attribute : oscillations_allowed
Attribute : logger
Attribute : stats
Attribute : num_games
Attribute : num_success
Attribute : cnt
Attribute : max_num_frames
Attribute : info
Attribute : saveGif
Attribute : saveVideo
Attribute : task
Attribute : screen_dims
Attribute : dims
Attribute : multiscale
Attribute : landmarks
Attribute : width
Attribute : height
Attribute : depth
Attribute : viz
Attribute : current_episode_score
Attribute : action_space
Attribute : actions
Attribute : observation_space
Attribute : _history_length
Attribute : _loc_history
Attribute : _qvalues_history
Attribute : rectangle
Attribute : files
Attribute : filepath
Attribute : fixed_spawn
Attribute : terminal
Attribute : reward
Attribute : viewer
Attribute : _image
Attribute : _target_loc
Attribute : spacing
Attribute : filename
Attribute : action_step
Attribute : xscale
Attribute : yscale
Attribute : zscale
Attribute : _image_dims
Attribute : _location
Attribute : _start_location
Attribute : _qvalues
Attribute : _screen
Attribute : cur_dist
Attribute : id
Attribute : trials
Attribute : reward_threshold
Attribute : agents
Attribute : oscillations_allowed
Attribute : logger
Attribute : stats
Attribute : num_games
Attribute : num_success
Attribute : cnt
Attribute : max_num_frames
Attribute : info
Attribute : saveGif
Attribute : saveVideo
Attribute : task
Attribute : screen_dims
Attribute : dims
Attribute : multiscale
Attribute : landmarks
Attribute : width
Attribute : height
Attribute : depth
Attribute : viz
Attribute : current_episode_score
Attribute : action_space
Attribute : actions
Attribute : observation_space
Attribute : _history_length
Attribute : _loc_history
Attribute : _qvalues_history
Attribute : rectangle
Attribute : files
Attribute : filepath
Attribute : fixed_spawn
Attribute : terminal
Attribute : reward
Attribute : viewer
Attribute : _image
Attribute : _target_loc
Attribute : spacing
Attribute : filename
Attribute : action_step
Attribute : xscale
Attribute : yscale
Attribute : zscale
Attribute : _image_dims
Attribute : _location
Attribute : _start_location
Attribute : _qvalues
Attribute : _screen
Attribute : cur_dist
Attribute : id
Attribute : trials
Attribute : reward_threshold
Attribute : agents
Attribute : oscillations_allowed
Attribute : logger
Attribute : stats
Attribute : num_games
Attribute : num_success
Attribute : cnt
Attribute : max_num_frames
Attribute : info
Attribute : saveGif
Attribute : saveVideo
Attribute : task
Attribute : screen_dims
Attribute : dims
Attribute : multiscale
Attribute : landmarks
Attribute : width
Attribute : height
Attribute : depth
Attribute : viz
Attribute : current_episode_score
Attribute : action_space
Attribute : actions
Attribute : observation_space
Attribute : _history_length
Attribute : _loc_history
Attribute : _qvalues_history
Attribute : rectangle
Attribute : files
Attribute : filepath
Attribute : fixed_spawn
Attribute : terminal
Attribute : reward
Attribute : viewer
Attribute : _image
Attribute : _target_loc
Attribute : spacing
Attribute : filename
Attribute : action_step
Attribute : xscale
Attribute : yscale
Attribute : zscale
Attribute : _image_dims
Attribute : _location
Attribute : _start_location
Attribute : _qvalues
Attribute : _screen
Attribute : cur_dist
Attribute : id
Attribute : trials
Attribute : reward_threshold
Attribute : agents
Attribute : oscillations_allowed
Attribute : logger
Attribute : stats
Attribute : num_games
Attribute : num_success
Attribute : cnt
Attribute : max_num_frames
Attribute : info
Attribute : saveGif
Attribute : saveVideo
Attribute : task
Attribute : screen_dims
Attribute : dims
Attribute : multiscale
Attribute : landmarks
Attribute : width
Attribute : height
Attribute : depth
Attribute : viz
Attribute : current_episode_score
Attribute : action_space
Attribute : actions
Attribute : observation_space
Attribute : _history_length
Attribute : _loc_history
Attribute : _qvalues_history
Attribute : rectangle
Attribute : files
Attribute : filepath
Attribute : fixed_spawn
Attribute : terminal
Attribute : reward
Attribute : viewer
Attribute : _image
Attribute : _target_loc
Attribute : spacing
Attribute : filename
Attribute : action_step
Attribute : xscale
Attribute : yscale
Attribute : zscale
Attribute : _image_dims
Attribute : _location
Attribute : _start_location
Attribute : _qvalues
Attribute : _screen
Attribute : cur_dist
Attribute : id
Attribute : trials
Attribute : reward_threshold
Attribute : agents
Attribute : oscillations_allowed
Attribute : logger
Attribute : stats
Attribute : num_games
Attribute : num_success
Attribute : cnt
Attribute : max_num_frames
Attribute : info
Attribute : saveGif
Attribute : saveVideo
Attribute : task
Attribute : screen_dims
Attribute : dims
Attribute : multiscale
Attribute : landmarks
Attribute : width
Attribute : height
Attribute : depth
Attribute : viz
Attribute : current_episode_score
Attribute : action_space
Attribute : actions
Attribute : observation_space
Attribute : _history_length
Attribute : _loc_history
Attribute : _qvalues_history
Attribute : rectangle
Attribute : files
Attribute : filepath
Attribute : fixed_spawn
Attribute : terminal
Attribute : reward
Attribute : viewer
Attribute : _image
Attribute : _target_loc
Attribute : spacing
Attribute : filename
Attribute : action_step
Attribute : xscale
Attribute : yscale
Attribute : zscale
Attribute : _image_dims
Attribute : _location
Attribute : _start_location
Attribute : _qvalues
Attribute : _screen
Attribute : cur_dist
Attribute : id
Attribute : trials
Attribute : reward_threshold
Attribute : agents
Attribute : oscillations_allowed
Attribute : logger
Attribute : stats
Attribute : num_games
Attribute : num_success
Attribute : cnt
Attribute : max_num_frames
Attribute : info
Attribute : saveGif
Attribute : saveVideo
Attribute : task
Attribute : screen_dims
Attribute : dims
Attribute : multiscale
Attribute : landmarks
Attribute : width
Attribute : height
Attribute : depth
Attribute : viz
Attribute : current_episode_score
Attribute : action_space
Attribute : actions
Attribute : observation_space
Attribute : _history_length
Attribute : _loc_history
Attribute : _qvalues_history
Attribute : rectangle
Attribute : files
Attribute : filepath
Attribute : fixed_spawn
Attribute : terminal
Attribute : reward
Attribute : viewer
Attribute : _image
Attribute : _target_loc
Attribute : spacing
Attribute : filename
Attribute : action_step
Attribute : xscale
Attribute : yscale
Attribute : zscale
Attribute : _image_dims
Attribute : _location
Attribute : _start_location
Attribute : _qvalues
Attribute : _screen
Attribute : cur_dist
Attribute : id
Attribute : trials
Attribute : reward_threshold
Attribute : agents
Attribute : oscillations_allowed
Attribute : logger
Attribute : stats
Attribute : num_games
Attribute : num_success
Attribute : cnt
Attribute : max_num_frames
Attribute : info
Attribute : saveGif
Attribute : saveVideo
Attribute : task
Attribute : screen_dims
Attribute : dims
Attribute : multiscale
Attribute : landmarks
Attribute : width
Attribute : height
Attribute : depth
Attribute : viz
Attribute : current_episode_score
Attribute : action_space
Attribute : actions
Attribute : observation_space
Attribute : _history_length
Attribute : _loc_history
Attribute : _qvalues_history
Attribute : rectangle
Attribute : files
Attribute : filepath
Attribute : fixed_spawn
Attribute : terminal
Attribute : reward
Attribute : viewer
Attribute : _image
Attribute : _target_loc
Attribute : spacing
Attribute : filename
Attribute : action_step
Attribute : xscale
Attribute : yscale
Attribute : zscale
Attribute : _image_dims
Attribute : _location
Attribute : _start_location
Attribute : _qvalues
Attribute : _screen
Attribute : cur_dist
Attribute : id
Attribute : trials
Attribute : reward_threshold
Attribute : agents
Attribute : oscillations_allowed
Attribute : logger
Attribute : stats
Attribute : num_games
Attribute : num_success
Attribute : cnt
Attribute : max_num_frames
Attribute : info
Attribute : saveGif
Attribute : saveVideo
Attribute : task
Attribute : screen_dims
Attribute : dims
Attribute : multiscale
Attribute : landmarks
Attribute : width
Attribute : height
Attribute : depth
Attribute : viz
Attribute : current_episode_score
Attribute : action_space
Attribute : actions
Attribute : observation_space
Attribute : _history_length
Attribute : _loc_history
Attribute : _qvalues_history
Attribute : rectangle
Attribute : files
Attribute : filepath
Attribute : fixed_spawn
Attribute : terminal
Attribute : reward
Attribute : viewer
Attribute : _image
Attribute : _target_loc
Attribute : spacing
Attribute : filename
Attribute : action_step
Attribute : xscale
Attribute : yscale
Attribute : zscale
Attribute : _image_dims
Attribute : _location
Attribute : _start_location
Attribute : _qvalues
Attribute : _screen
Attribute : cur_dist
Attribute : id
Attribute : trials
Attribute : reward_threshold
Attribute : agents
Attribute : oscillations_allowed
Attribute : logger
Attribute : stats
Attribute : num_games
Attribute : num_success
Attribute : cnt
Attribute : max_num_frames
Attribute : info
Attribute : saveGif
Attribute : saveVideo
Attribute : task
Attribute : screen_dims
Attribute : dims
Attribute : multiscale
Attribute : landmarks
Attribute : width
Attribute : height
Attribute : depth
Attribute : viz
Attribute : current_episode_score
Attribute : action_space
Attribute : actions
Attribute : observation_space
Attribute : _history_length
Attribute : _loc_history
Attribute : _qvalues_history
Attribute : rectangle
Attribute : files
Attribute : filepath
Attribute : fixed_spawn
Attribute : terminal
Attribute : reward
Attribute : viewer
Attribute : _image
Attribute : _target_loc
Attribute : spacing
Attribute : filename
Attribute : action_step
Attribute : xscale
Attribute : yscale
Attribute : zscale
Attribute : _image_dims
Attribute : _location
Attribute : _start_location
Attribute : _qvalues
Attribute : _screen
Attribute : cur_dist
Attribute : id
Attribute : trials
Attribute : reward_threshold
Attribute : agents
Attribute : oscillations_allowed
Attribute : logger
Attribute : stats
Attribute : num_games
Attribute : num_success
Attribute : cnt
Attribute : max_num_frames
Attribute : info
Attribute : saveGif
Attribute : saveVideo
Attribute : task
Attribute : screen_dims
Attribute : dims
Attribute : multiscale
Attribute : landmarks
Attribute : width
Attribute : height
Attribute : depth
Attribute : viz
Attribute : current_episode_score
Attribute : action_space
Attribute : actions
Attribute : observation_space
Attribute : _history_length
Attribute : _loc_history
Attribute : _qvalues_history
Attribute : rectangle
Attribute : files
Attribute : filepath
Attribute : fixed_spawn
Attribute : terminal
Attribute : reward
Attribute : viewer
Attribute : _image
Attribute : _target_loc
Attribute : spacing
Attribute : filename
Attribute : action_step
Attribute : xscale
Attribute : yscale
Attribute : zscale
Attribute : _image_dims
Attribute : _location
Attribute : _start_location
Attribute : _qvalues
Attribute : _screen
Attribute : cur_dist
Attribute : id
Attribute : trials
Attribute : reward_threshold
Attribute : agents
Attribute : oscillations_allowed
Attribute : logger
Attribute : stats
Attribute : num_games
Attribute : num_success
Attribute : cnt
Attribute : max_num_frames
Attribute : info
Attribute : saveGif
Attribute : saveVideo
Attribute : task
Attribute : screen_dims
Attribute : dims
Attribute : multiscale
Attribute : landmarks
Attribute : width
Attribute : height
Attribute : depth
Attribute : viz
Attribute : current_episode_score
Attribute : action_space
Attribute : actions
Attribute : observation_space
Attribute : _history_length
Attribute : _loc_history
Attribute : _qvalues_history
Attribute : rectangle
Attribute : files
Attribute : filepath
Attribute : fixed_spawn
Attribute : terminal
Attribute : reward
Attribute : viewer
Attribute : _image
Attribute : _target_loc
Attribute : spacing
Attribute : filename
Attribute : action_step
Attribute : xscale
Attribute : yscale
Attribute : zscale
Attribute : _image_dims
Attribute : _location
Attribute : _start_location
Attribute : _qvalues
Attribute : _screen
Attribute : cur_dist
Attribute : id
Attribute : trials
Attribute : reward_threshold
Attribute : agents
Attribute : oscillations_allowed
Attribute : logger
Attribute : stats
Attribute : num_games
Attribute : num_success
Attribute : cnt
Attribute : max_num_frames
Attribute : info
Attribute : saveGif
Attribute : saveVideo
Attribute : task
Attribute : screen_dims
Attribute : dims
Attribute : multiscale
Attribute : landmarks
Attribute : width
Attribute : height
Attribute : depth
Attribute : viz
Attribute : current_episode_score
Attribute : action_space
Attribute : actions
Attribute : observation_space
Attribute : _history_length
Attribute : _loc_history
Attribute : _qvalues_history
Attribute : rectangle
Attribute : files
Attribute : filepath
Attribute : fixed_spawn
Attribute : terminal
Attribute : reward
Attribute : viewer
Attribute : _image
Attribute : _target_loc
Attribute : spacing
Attribute : filename
Attribute : action_step
Attribute : xscale
Attribute : yscale
Attribute : zscale
Attribute : _image_dims
Attribute : _location
Attribute : _start_location
Attribute : _qvalues
Attribute : _screen
Attribute : cur_dist
Attribute : id
Attribute : trials
Attribute : reward_threshold
Attribute : agents
Attribute : oscillations_allowed
Attribute : logger
Attribute : stats
Attribute : num_games
Attribute : num_success
Attribute : cnt
Attribute : max_num_frames
Attribute : info
Attribute : saveGif
Attribute : saveVideo
Attribute : task
Attribute : screen_dims
Attribute : dims
Attribute : multiscale
Attribute : landmarks
Attribute : width
Attribute : height
Attribute : depth
Attribute : viz
Attribute : current_episode_score
Attribute : action_space
Attribute : actions
Attribute : observation_space
Attribute : _history_length
Attribute : _loc_history
Attribute : _qvalues_history
Attribute : rectangle
Attribute : files
Attribute : filepath
Attribute : fixed_spawn
Attribute : terminal
Attribute : reward
Attribute : viewer
Attribute : _image
Attribute : _target_loc
Attribute : spacing
Attribute : filename
Attribute : action_step
Attribute : xscale
Attribute : yscale
Attribute : zscale
Attribute : _image_dims
Attribute : _location
Attribute : _start_location
Attribute : _qvalues
Attribute : _screen
Attribute : cur_dist
Attribute : id
Attribute : trials
Attribute : reward_threshold
Attribute : agents
Attribute : oscillations_allowed
Attribute : logger
Attribute : stats
Attribute : num_games
Attribute : num_success
Attribute : cnt
Attribute : max_num_frames
Attribute : info
Attribute : saveGif
Attribute : saveVideo
Attribute : task
Attribute : screen_dims
Attribute : dims
Attribute : multiscale
Attribute : landmarks
Attribute : width
Attribute : height
Attribute : depth
Attribute : viz
Attribute : current_episode_score
Attribute : action_space
Attribute : actions
Attribute : observation_space
Attribute : _history_length
Attribute : _loc_history
Attribute : _qvalues_history
Attribute : rectangle
Attribute : files
Attribute : filepath
Attribute : fixed_spawn
Attribute : terminal
Attribute : reward
Attribute : viewer
Attribute : _image
Attribute : _target_loc
Attribute : spacing
Attribute : filename
Attribute : action_step
Attribute : xscale
Attribute : yscale
Attribute : zscale
Attribute : _image_dims
Attribute : _location
Attribute : _start_location
Attribute : _qvalues
Attribute : _screen
Attribute : cur_dist
Attribute : id
Attribute : trials
Attribute : reward_threshold
